{"level":"info","message":"Starting the express app","timestamp":"2023-09-08T14:31:33.572Z"}
{"level":"info","message":"Started the express microservice.","timestamp":"2023-09-08T14:31:33.614Z"}
{"level":"info","message":"Starting the express app","timestamp":"2023-09-08T14:33:36.911Z"}
{"level":"info","message":"Started the express microservice.","timestamp":"2023-09-08T14:33:36.934Z"}
{"level":"info","message":"Starting the express app","timestamp":"2023-09-08T14:34:23.913Z"}
{"level":"info","message":"Started the express microservice.","timestamp":"2023-09-08T14:34:23.938Z"}
{"level":"info","message":"Starting the express app","timestamp":"2023-09-08T15:00:47.389Z"}
{"level":"info","message":"Started the express microservice.","timestamp":"2023-09-08T15:00:47.419Z"}
{"level":"info","message":"Starting the express app","timestamp":"2023-09-08T15:01:30.738Z"}
{"level":"info","message":"Started the express microservice.","timestamp":"2023-09-08T15:01:30.762Z"}
{"level":"info","message":"Starting the express app","timestamp":"2023-09-08T15:04:17.331Z"}
{"level":"info","message":"Started the express microservice.","timestamp":"2023-09-08T15:04:17.354Z"}
{"level":"info","message":"Starting the express app","timestamp":"2023-09-08T15:07:35.844Z"}
{"level":"info","message":"Started the express microservice.","timestamp":"2023-09-08T15:07:35.872Z"}
{"level":"info","message":"Starting the express app","timestamp":"2023-09-08T15:09:50.868Z"}
{"level":"info","message":"Started the express microservice.","timestamp":"2023-09-08T15:09:50.892Z"}
{"level":"info","message":"Starting the express app","timestamp":"2023-09-08T15:11:16.040Z"}
{"level":"info","message":"Started the express microservice.","timestamp":"2023-09-08T15:11:16.064Z"}
{"message":"Route /posts/ failed with error","stack":"ReferenceError: request is not defined\n    at Object.getAllMovies (C:\\Users\\nitis\\Desktop\\Dev Projects\\microservices\\microservice-nodejs-express\\services\\MovieService.js:27:5)\n    at C:\\Users\\nitis\\Desktop\\Dev Projects\\microservices\\microservice-nodejs-express\\routes\\movies.js:33:32\n    at Layer.handle [as handle_request] (C:\\Users\\nitis\\Desktop\\Dev Projects\\microservices\\microservice-nodejs-express\\node_modules\\express\\lib\\router\\layer.js:95:5)\n    at next (C:\\Users\\nitis\\Desktop\\Dev Projects\\microservices\\microservice-nodejs-express\\node_modules\\express\\lib\\router\\route.js:137:13)\n    at Route.dispatch (C:\\Users\\nitis\\Desktop\\Dev Projects\\microservices\\microservice-nodejs-express\\node_modules\\express\\lib\\router\\route.js:112:3)\n    at Layer.handle [as handle_request] (C:\\Users\\nitis\\Desktop\\Dev Projects\\microservices\\microservice-nodejs-express\\node_modules\\express\\lib\\router\\layer.js:95:5)\n    at C:\\Users\\nitis\\Desktop\\Dev Projects\\microservices\\microservice-nodejs-express\\node_modules\\express\\lib\\router\\index.js:281:22\n    at Function.process_params (C:\\Users\\nitis\\Desktop\\Dev Projects\\microservices\\microservice-nodejs-express\\node_modules\\express\\lib\\router\\index.js:335:12)\n    at next (C:\\Users\\nitis\\Desktop\\Dev Projects\\microservices\\microservice-nodejs-express\\node_modules\\express\\lib\\router\\index.js:275:10)\n    at Function.handle (C:\\Users\\nitis\\Desktop\\Dev Projects\\microservices\\microservice-nodejs-express\\node_modules\\express\\lib\\router\\index.js:174:3)","level":"error","timestamp":"2023-09-08T15:11:26.098Z"}
{"level":"info","message":"Starting the express app","timestamp":"2023-09-08T15:12:28.142Z"}
{"level":"info","message":"Started the express microservice.","timestamp":"2023-09-08T15:12:28.165Z"}
{"level":"info","message":"Starting the express app","timestamp":"2023-09-08T15:13:57.016Z"}
{"level":"info","message":"Started the express microservice.","timestamp":"2023-09-08T15:13:57.041Z"}
{"level":"info","message":"Starting the express app","timestamp":"2023-09-08T15:17:00.434Z"}
{"level":"info","message":"Started the express microservice.","timestamp":"2023-09-08T15:17:00.458Z"}
{"message":"Route /posts/ failed with error","stack":"TypeError: Cannot read properties of undefined (reading 'then')\n    at C:\\Users\\nitis\\Desktop\\Dev Projects\\microservices\\microservice-nodejs-express\\routes\\movies.js:33:13\n    at Layer.handle [as handle_request] (C:\\Users\\nitis\\Desktop\\Dev Projects\\microservices\\microservice-nodejs-express\\node_modules\\express\\lib\\router\\layer.js:95:5)\n    at next (C:\\Users\\nitis\\Desktop\\Dev Projects\\microservices\\microservice-nodejs-express\\node_modules\\express\\lib\\router\\route.js:137:13)\n    at Route.dispatch (C:\\Users\\nitis\\Desktop\\Dev Projects\\microservices\\microservice-nodejs-express\\node_modules\\express\\lib\\router\\route.js:112:3)\n    at Layer.handle [as handle_request] (C:\\Users\\nitis\\Desktop\\Dev Projects\\microservices\\microservice-nodejs-express\\node_modules\\express\\lib\\router\\layer.js:95:5)\n    at C:\\Users\\nitis\\Desktop\\Dev Projects\\microservices\\microservice-nodejs-express\\node_modules\\express\\lib\\router\\index.js:281:22\n    at Function.process_params (C:\\Users\\nitis\\Desktop\\Dev Projects\\microservices\\microservice-nodejs-express\\node_modules\\express\\lib\\router\\index.js:335:12)\n    at next (C:\\Users\\nitis\\Desktop\\Dev Projects\\microservices\\microservice-nodejs-express\\node_modules\\express\\lib\\router\\index.js:275:10)\n    at Function.handle (C:\\Users\\nitis\\Desktop\\Dev Projects\\microservices\\microservice-nodejs-express\\node_modules\\express\\lib\\router\\index.js:174:3)\n    at router (C:\\Users\\nitis\\Desktop\\Dev Projects\\microservices\\microservice-nodejs-express\\node_modules\\express\\lib\\router\\index.js:47:12)","level":"error","timestamp":"2023-09-08T15:17:07.949Z"}
{"message":"Route /posts/ failed with error","stack":"TypeError: Cannot read properties of undefined (reading 'then')\n    at C:\\Users\\nitis\\Desktop\\Dev Projects\\microservices\\microservice-nodejs-express\\routes\\movies.js:33:13\n    at Layer.handle [as handle_request] (C:\\Users\\nitis\\Desktop\\Dev Projects\\microservices\\microservice-nodejs-express\\node_modules\\express\\lib\\router\\layer.js:95:5)\n    at next (C:\\Users\\nitis\\Desktop\\Dev Projects\\microservices\\microservice-nodejs-express\\node_modules\\express\\lib\\router\\route.js:137:13)\n    at Route.dispatch (C:\\Users\\nitis\\Desktop\\Dev Projects\\microservices\\microservice-nodejs-express\\node_modules\\express\\lib\\router\\route.js:112:3)\n    at Layer.handle [as handle_request] (C:\\Users\\nitis\\Desktop\\Dev Projects\\microservices\\microservice-nodejs-express\\node_modules\\express\\lib\\router\\layer.js:95:5)\n    at C:\\Users\\nitis\\Desktop\\Dev Projects\\microservices\\microservice-nodejs-express\\node_modules\\express\\lib\\router\\index.js:281:22\n    at Function.process_params (C:\\Users\\nitis\\Desktop\\Dev Projects\\microservices\\microservice-nodejs-express\\node_modules\\express\\lib\\router\\index.js:335:12)\n    at next (C:\\Users\\nitis\\Desktop\\Dev Projects\\microservices\\microservice-nodejs-express\\node_modules\\express\\lib\\router\\index.js:275:10)\n    at Function.handle (C:\\Users\\nitis\\Desktop\\Dev Projects\\microservices\\microservice-nodejs-express\\node_modules\\express\\lib\\router\\index.js:174:3)\n    at router (C:\\Users\\nitis\\Desktop\\Dev Projects\\microservices\\microservice-nodejs-express\\node_modules\\express\\lib\\router\\index.js:47:12)","level":"error","timestamp":"2023-09-08T15:17:29.932Z"}
{"level":"info","message":"Starting the express app","timestamp":"2023-09-08T15:19:13.051Z"}
{"level":"info","message":"Started the express microservice.","timestamp":"2023-09-08T15:19:13.086Z"}
{"message":"Route /movies/ failed with error","stack":"TypeError: Cannot read properties of undefined (reading 'then')\n    at C:\\Users\\nitis\\Desktop\\Dev Projects\\microservices\\microservice-nodejs-express\\routes\\movies.js:33:13\n    at Layer.handle [as handle_request] (C:\\Users\\nitis\\Desktop\\Dev Projects\\microservices\\microservice-nodejs-express\\node_modules\\express\\lib\\router\\layer.js:95:5)\n    at next (C:\\Users\\nitis\\Desktop\\Dev Projects\\microservices\\microservice-nodejs-express\\node_modules\\express\\lib\\router\\route.js:137:13)\n    at Route.dispatch (C:\\Users\\nitis\\Desktop\\Dev Projects\\microservices\\microservice-nodejs-express\\node_modules\\express\\lib\\router\\route.js:112:3)\n    at Layer.handle [as handle_request] (C:\\Users\\nitis\\Desktop\\Dev Projects\\microservices\\microservice-nodejs-express\\node_modules\\express\\lib\\router\\layer.js:95:5)\n    at C:\\Users\\nitis\\Desktop\\Dev Projects\\microservices\\microservice-nodejs-express\\node_modules\\express\\lib\\router\\index.js:281:22\n    at Function.process_params (C:\\Users\\nitis\\Desktop\\Dev Projects\\microservices\\microservice-nodejs-express\\node_modules\\express\\lib\\router\\index.js:335:12)\n    at next (C:\\Users\\nitis\\Desktop\\Dev Projects\\microservices\\microservice-nodejs-express\\node_modules\\express\\lib\\router\\index.js:275:10)\n    at Function.handle (C:\\Users\\nitis\\Desktop\\Dev Projects\\microservices\\microservice-nodejs-express\\node_modules\\express\\lib\\router\\index.js:174:3)\n    at router (C:\\Users\\nitis\\Desktop\\Dev Projects\\microservices\\microservice-nodejs-express\\node_modules\\express\\lib\\router\\index.js:47:12)","level":"error","timestamp":"2023-09-08T15:19:22.397Z"}
{"level":"info","message":"Starting the express app","timestamp":"2023-09-08T15:22:58.855Z"}
{"level":"info","message":"Started the express microservice.","timestamp":"2023-09-08T15:22:58.894Z"}
{"level":"info","message":"Starting the express app","timestamp":"2023-09-08T15:28:05.518Z"}
{"level":"info","message":"Started the express microservice.","timestamp":"2023-09-08T15:28:05.553Z"}
{"level":"info","message":"Starting the express app","timestamp":"2023-09-08T15:30:16.934Z"}
{"level":"info","message":"Started the express microservice.","timestamp":"2023-09-08T15:30:16.961Z"}
{"level":"info","message":"Starting the express app","timestamp":"2023-09-08T15:31:00.076Z"}
{"level":"info","message":"Started the express microservice.","timestamp":"2023-09-08T15:31:00.100Z"}
{"level":"info","message":"Starting the express app","timestamp":"2023-09-08T15:31:35.231Z"}
{"level":"info","message":"Started the express microservice.","timestamp":"2023-09-08T15:31:35.269Z"}
{"level":"info","message":"Starting the express app","timestamp":"2023-09-08T15:40:44.832Z"}
{"level":"info","message":"Started the express microservice.","timestamp":"2023-09-08T15:40:44.869Z"}
